<?xml version="1.0" encoding="UTF-8"?>
<testng-results skipped="0" failed="0" ignored="0" total="1" passed="1">
  <reporter-output>
  </reporter-output>
  <suite name="Default suite" duration-ms="11681" started-at="2020-01-30T16:10:41Z" finished-at="2020-01-30T16:10:52Z">
    <groups>
    </groups>
    <test name="Default test" duration-ms="11681" started-at="2020-01-30T16:10:41Z" finished-at="2020-01-30T16:10:52Z">
      <class name="com.katalyst.ensoul.tests.LoginTest">
        <test-method status="PASS" signature="setUp()[pri:0, instance:com.katalyst.ensoul.tests.LoginTest@4493d195]" name="setUp" is-config="true" duration-ms="79826" started-at="2020-01-30T21:39:21Z" finished-at="2020-01-30T21:40:41Z">
          <reporter-output>
          </reporter-output>
        </test-method> <!-- setUp -->
        <test-method status="PASS" signature="LoginToApplication([Ljava.lang.String;)[pri:1, instance:com.katalyst.ensoul.tests.LoginTest@4493d195]" name="LoginToApplication" duration-ms="5231" started-at="2020-01-30T21:40:45Z" data-provider="d_login" finished-at="2020-01-30T21:40:50Z">
          <params>
            <param index="0">
              <value>
                <![CDATA[[Ljava.lang.String;@1db0ec27]]>
              </value>
            </param>
          </params>
          <reporter-output>
          </reporter-output>
        </test-method> <!-- LoginToApplication -->
        <test-method status="PASS" signature="getResult(org.testng.ITestResult)[pri:0, instance:com.katalyst.ensoul.tests.LoginTest@4493d195]" name="getResult" is-config="true" duration-ms="2498" started-at="2020-01-30T21:40:50Z" finished-at="2020-01-30T21:40:52Z">
          <params>
            <param index="0">
              <value>
                <![CDATA[[TestResult name=LoginToApplication status=SUCCESS method=LoginTest.LoginToApplication([Ljava.lang.String;)[pri:1, instance:com.katalyst.ensoul.tests.LoginTest@4493d195] output={null}]]]>
              </value>
            </param>
          </params>
          <reporter-output>
          </reporter-output>
        </test-method> <!-- getResult -->
        <test-method status="PASS" signature="tearDown()[pri:0, instance:com.katalyst.ensoul.tests.LoginTest@4493d195]" name="tearDown" is-config="true" duration-ms="31044" started-at="2020-01-30T21:40:56Z" finished-at="2020-01-30T21:41:27Z">
          <reporter-output>
          </reporter-output>
        </test-method> <!-- tearDown -->
      </class> <!-- com.katalyst.ensoul.tests.LoginTest -->
    </test> <!-- Default test -->
  </suite> <!-- Default suite -->
</testng-results>
